# JRE version: OpenJDK Runtime Environment (21.0.10) (build 21.0.10+-14961533-b1163.108)
# Java VM: OpenJDK 64-Bit Server VM (21.0.10+-14961533-b1163.108, mixed mode, tiered, compressed oops, compressed class ptrs, g1 gc, windows-amd64)
GC Precious Log:
 CardTable entry size: 512
 Card Set container configuration: InlinePtr #cards 5 size 8 Array Of Cards #cards 12 size 40 Howl #buckets 4 coarsen threshold 1843 Howl Bitmap #cards 512 size 80 coarsen threshold 460 Card regions per heap region 1 cards per card region 2048
 CPUs: 4 total, 4 available
 Memory: 7994M
 Large Page Support: Disabled
 NUMA Support: Disabled
 Compressed Oops: Enabled (32-bit)
 Heap Region Size: 1M
 Heap Min Capacity: 8M
 Heap Initial Capacity: 126M
 Heap Max Capacity: 2G
 Pre-touch: Disabled
 Parallel Workers: 4
 Concurrent Workers: 1
 Concurrent Refinement Workers: 4
 Periodic GC: Disabled
Heap:
 garbage-first heap   total 232448K, used 166906K [0x0000000080000000, 0x0000000100000000)
  region size 1024K, 38 young (38912K), 9 survivors (9216K)
 Metaspace       used 120563K, committed 123008K, reserved 1179648K
  class space    used 17094K, committed 18304K, reserved 1048576K
GC Heap History (20 events):
Event: 46.522 GC heap before
{Heap before GC invocations=49 (full 0):
 garbage-first heap   total 153600K, used 144628K [0x0000000080000000, 0x0000000100000000)
  region size 1024K, 53 young (54272K), 5 survivors (5120K)
 Metaspace       used 111540K, committed 113856K, reserved 1179648K
  class space    used 15920K, committed 17024K, reserved 1048576K
}
Event: 46.536 GC heap after
{Heap after GC invocations=50 (full 0):
 garbage-first heap   total 154624K, used 100352K [0x0000000080000000, 0x0000000100000000)
  region size 1024K, 7 young (7168K), 7 survivors (7168K)
 Metaspace       used 111540K, committed 113856K, reserved 1179648K
  class space    used 15920K, committed 17024K, reserved 1048576K
}
Event: 47.512 GC heap before
{Heap before GC invocations=51 (full 0):
 garbage-first heap   total 167936K, used 145408K [0x0000000080000000, 0x0000000100000000)
  region size 1024K, 51 young (52224K), 7 survivors (7168K)
 Metaspace       used 112797K, committed 115072K, reserved 1179648K
  class space    used 16119K, committed 17216K, reserved 1048576K
}
Event: 47.530 GC heap after
{Heap after GC invocations=52 (full 0):
 garbage-first heap   total 167936K, used 107520K [0x0000000080000000, 0x0000000100000000)
  region size 1024K, 7 young (7168K), 7 survivors (7168K)
 Metaspace       used 112797K, committed 115072K, reserved 1179648K
  class space    used 16119K, committed 17216K, reserved 1048576K
}
Event: 52.980 GC heap before
{Heap before GC invocations=52 (full 0):
 garbage-first heap   total 167936K, used 153600K [0x0000000080000000, 0x0000000100000000)
  region size 1024K, 53 young (54272K), 7 survivors (7168K)
 Metaspace       used 114415K, committed 116672K, reserved 1179648K
  class space    used 16353K, committed 17472K, reserved 1048576K
}
Event: 52.999 GC heap after
{Heap after GC invocations=53 (full 0):
 garbage-first heap   total 168960K, used 113308K [0x0000000080000000, 0x0000000100000000)
  region size 1024K, 6 young (6144K), 6 survivors (6144K)
 Metaspace       used 114415K, committed 116672K, reserved 1179648K
  class space    used 16353K, committed 17472K, reserved 1048576K
}
Event: 56.447 GC heap before
{Heap before GC invocations=53 (full 0):
 garbage-first heap   total 168960K, used 154268K [0x0000000080000000, 0x0000000100000000)
  region size 1024K, 47 young (48128K), 6 survivors (6144K)
 Metaspace       used 114619K, committed 116928K, reserved 1179648K
  class space    used 16384K, committed 17472K, reserved 1048576K
}
Event: 56.457 GC heap after
{Heap after GC invocations=54 (full 0):
 garbage-first heap   total 168960K, used 116422K [0x0000000080000000, 0x0000000100000000)
  region size 1024K, 3 young (3072K), 3 survivors (3072K)
 Metaspace       used 114619K, committed 116928K, reserved 1179648K
  class space    used 16384K, committed 17472K, reserved 1048576K
}
Event: 58.404 GC heap before
{Heap before GC invocations=55 (full 0):
 garbage-first heap   total 194560K, used 156358K [0x0000000080000000, 0x0000000100000000)
  region size 1024K, 43 young (44032K), 3 survivors (3072K)
 Metaspace       used 114838K, committed 117184K, reserved 1179648K
  class space    used 16400K, committed 17536K, reserved 1048576K
}
Event: 58.414 GC heap after
{Heap after GC invocations=56 (full 0):
 garbage-first heap   total 194560K, used 118428K [0x0000000080000000, 0x0000000100000000)
  region size 1024K, 5 young (5120K), 5 survivors (5120K)
 Metaspace       used 114838K, committed 117184K, reserved 1179648K
  class space    used 16400K, committed 17536K, reserved 1048576K
}
Event: 60.981 GC heap before
{Heap before GC invocations=56 (full 0):
 garbage-first heap   total 194560K, used 183964K [0x0000000080000000, 0x0000000100000000)
  region size 1024K, 65 young (66560K), 5 survivors (5120K)
 Metaspace       used 117257K, committed 119616K, reserved 1179648K
  class space    used 16662K, committed 17792K, reserved 1048576K
}
Event: 60.995 GC heap after
{Heap after GC invocations=57 (full 0):
 garbage-first heap   total 194560K, used 120343K [0x0000000080000000, 0x0000000100000000)
  region size 1024K, 8 young (8192K), 8 survivors (8192K)
 Metaspace       used 117257K, committed 119616K, reserved 1179648K
  class space    used 16662K, committed 17792K, reserved 1048576K
}
Event: 62.423 GC heap before
{Heap before GC invocations=57 (full 0):
 garbage-first heap   total 194560K, used 180759K [0x0000000080000000, 0x0000000100000000)
  region size 1024K, 68 young (69632K), 8 survivors (8192K)
 Metaspace       used 117739K, committed 120064K, reserved 1179648K
  class space    used 16716K, committed 17856K, reserved 1048576K
}
Event: 62.439 GC heap after
{Heap after GC invocations=58 (full 0):
 garbage-first heap   total 194560K, used 124086K [0x0000000080000000, 0x0000000100000000)
  region size 1024K, 7 young (7168K), 7 survivors (7168K)
 Metaspace       used 117739K, committed 120064K, reserved 1179648K
  class space    used 16716K, committed 17856K, reserved 1048576K
}
Event: 63.971 GC heap before
{Heap before GC invocations=59 (full 0):
 garbage-first heap   total 208896K, used 183478K [0x0000000080000000, 0x0000000100000000)
  region size 1024K, 64 young (65536K), 7 survivors (7168K)
 Metaspace       used 117776K, committed 120064K, reserved 1179648K
  class space    used 16717K, committed 17856K, reserved 1048576K
}
Event: 63.988 GC heap after
{Heap after GC invocations=60 (full 0):
 garbage-first heap   total 208896K, used 130396K [0x0000000080000000, 0x0000000100000000)
  region size 1024K, 8 young (8192K), 8 survivors (8192K)
 Metaspace       used 117776K, committed 120064K, reserved 1179648K
  class space    used 16717K, committed 17856K, reserved 1048576K
}
Event: 68.071 GC heap before
{Heap before GC invocations=60 (full 0):
 garbage-first heap   total 208896K, used 193884K [0x0000000080000000, 0x0000000100000000)
  region size 1024K, 71 young (72704K), 8 survivors (8192K)
 Metaspace       used 118235K, committed 120576K, reserved 1179648K
  class space    used 16784K, committed 17920K, reserved 1048576K
}
Event: 68.086 GC heap after
{Heap after GC invocations=61 (full 0):
 garbage-first heap   total 209920K, used 134436K [0x0000000080000000, 0x0000000100000000)
  region size 1024K, 9 young (9216K), 9 survivors (9216K)
 Metaspace       used 118235K, committed 120576K, reserved 1179648K
  class space    used 16784K, committed 17920K, reserved 1048576K
}
Event: 71.564 GC heap before
{Heap before GC invocations=61 (full 0):
 garbage-first heap   total 209920K, used 179492K [0x0000000080000000, 0x0000000100000000)
  region size 1024K, 55 young (56320K), 9 survivors (9216K)
 Metaspace       used 120115K, committed 122560K, reserved 1179648K
  class space    used 17045K, committed 18240K, reserved 1048576K
}
Event: 71.577 GC heap after
{Heap after GC invocations=62 (full 0):
 garbage-first heap   total 209920K, used 136186K [0x0000000080000000, 0x0000000100000000)
  region size 1024K, 9 young (9216K), 9 survivors (9216K)
 Metaspace       used 120115K, committed 122560K, reserved 1179648K
  class space    used 17045K, committed 18240K, reserved 1048576K
}

